<?xml version="1.0" encoding="UTF-8"?>
<!-- Generated by org.testng.reporters.JUnitReportReporter -->
<testsuite hostname="DESKTOP-SHC8COR" failures="0" tests="1" name="com.qa.test.saucedemotest" time="25.972" errors="0" timestamp="2024-09-30T09:08:02 IST" skipped="0">
  <testcase classname="com.qa.test.saucedemotest" name="logintest" time="25.972"/>
</testsuite> <!-- com.qa.test.saucedemotest -->
